[2023-08-29T21:29:56.552Z] [FATAL] - Uncaught error: GET /asd
[2023-08-29T21:30:16.623Z] [FATAL] - Uncaught error: GET /asd
[2023-08-29T21:35:59.639Z] [ERROR] - Uncaught error: GET /public/scripts/
[2023-08-29T21:36:08.876Z] [ERROR] - Uncaught error: POST /api/auth/forgot-password
[2023-08-29T21:38:01.749Z] [ERROR] - Uncaught error: GET /public/scripts/
[2023-08-29T23:00:39.944Z] [ERROR] - Uncaught error: GET /public/scripts/
[2023-08-29T23:01:02.953Z] [ERROR] - Uncaught error: GET /public/scripts/
[2023-08-29T23:01:39.341Z] [ERROR] - Uncaught error: GET /public/scripts/
[2023-08-29T23:02:27.272Z] [ERROR] - Uncaught error: GET /public/scripts/
[2023-08-29T23:02:55.094Z] [ERROR] - Uncaught error: GET /public/scripts/
[2023-08-29T23:10:38.060Z] [ERROR] - Uncaught error: GET /public/scripts/forgotPassword.js
[2023-08-29T23:10:58.639Z] [ERROR] - Uncaught error: GET /public/scripts/resetPassword.js
[2023-08-29T23:11:07.775Z] [ERROR] - Uncaught error: GET /public/scripts/forgotPassword.js
[2023-08-30T00:03:20.168Z] [ERROR] - Uncaught error: GET /public/scripts/resetPassword.js
[2023-08-30T00:04:03.976Z] [ERROR] - Uncaught error: GET /public/scripts/resetPassword.js
[2023-08-30T00:04:19.830Z] [ERROR] - Uncaught error: GET /public/scripts/resetPassword.js
[2023-08-30T00:07:09.085Z] [ERROR] - Uncaught error: GET /public/scripts/forgotPassword.js
[2023-08-30T00:07:21.533Z] [ERROR] - Uncaught error: GET /public/scripts/resetPassword.js
[2023-08-30T00:07:29.496Z] [ERROR] - Uncaught error: GET /public/scripts/resetPassword.js
[2023-08-30T00:07:34.617Z] [ERROR] - Uncaught error: GET /public/scripts/resetPassword.js
[2023-08-30T00:07:35.754Z] [ERROR] - Uncaught error: GET /public/scripts/resetPassword.js
[2023-08-30T00:28:17.622Z] [ERROR] - Uncaught error: GET /public/scripts/forgotPassword.js
[2023-08-30T00:28:21.779Z] [ERROR] - Uncaught error: GET /public/scripts/forgotPassword.js
[2023-08-30T00:28:36.866Z] [ERROR] - Uncaught error: GET /public/scripts/resetPassword.js
[2023-08-30T00:28:41.477Z] [ERROR] - Uncaught error: GET /public/scripts/resetPassword.js
[2023-08-30T00:28:43.982Z] [ERROR] - Uncaught error: GET /public/scripts/resetPassword.js
[2023-08-30T00:28:46.012Z] [ERROR] - Uncaught error: GET /public/scripts/resetPassword.js
[2023-08-30T00:28:47.526Z] [ERROR] - Uncaught error: GET /public/scripts/resetPassword.js
[2023-08-30T00:28:48.748Z] [ERROR] - Uncaught error: GET /public/scripts/resetPassword.js
[2023-08-30T00:36:36.771Z] [ERROR] - Uncaught error: GET /public/scripts/forgotPassword.js
[2023-08-30T00:52:56.094Z] [ERROR] - Uncaught error: GET /public/scripts/
[2023-08-30T00:52:56.226Z] [ERROR] - Uncaught error: GET /ruta-a-tu-imagen/error-image.png
[2023-08-30T00:54:14.974Z] [ERROR] - Uncaught error: GET /public/scripts/
[2023-08-30T00:54:15.102Z] [ERROR] - Uncaught error: GET /reset-password/img/wine-error_img.webp
[2023-08-30T00:54:17.328Z] [ERROR] - Uncaught error: GET /public/scripts/
[2023-08-30T00:54:17.709Z] [ERROR] - Uncaught error: GET /reset-password/img/wine-error_img.webp
[2023-08-30T00:55:47.788Z] [ERROR] - Uncaught error: GET /public/scripts/
[2023-08-30T00:56:05.843Z] [ERROR] - Uncaught error: GET /public/scripts/
[2023-08-30T00:56:30.838Z] [ERROR] - Uncaught error: GET /public/scripts/
[2023-08-30T00:59:15.935Z] [ERROR] - Uncaught error: GET /public/scripts/
[2023-08-30T00:59:24.813Z] [ERROR] - Uncaught error: GET /public/scripts/
[2023-08-30T00:59:44.497Z] [ERROR] - Uncaught error: GET /public/scripts/
[2023-08-30T01:00:14.219Z] [ERROR] - Uncaught error: GET /public/scripts/forgotPassword.js
[2023-08-30T01:00:31.468Z] [ERROR] - Uncaught error: GET /public/scripts/resetPassword.js
[2023-08-30T01:39:12.109Z] [ERROR] - Uncaught error: GET /public/scripts/
[2023-08-30T01:39:45.912Z] [ERROR] - Uncaught error: GET /public/scripts/
[2023-08-30T01:40:15.227Z] [ERROR] - Uncaught error: GET /public/scripts/
[2023-08-30T01:41:02.445Z] [ERROR] - Uncaught error: GET /public/scripts/
[2023-08-30T01:41:03.630Z] [ERROR] - Uncaught error: GET /public/scripts/
[2023-08-30T01:45:05.044Z] [ERROR] - Uncaught error: GET /public/scripts/
[2023-08-30T01:45:16.921Z] [ERROR] - Uncaught error: GET /public/scripts/
[2023-08-30T01:45:25.752Z] [ERROR] - Uncaught error: GET /public/scripts/
[2023-08-30T01:47:09.317Z] [ERROR] - Uncaught error: GET /public/scripts/
[2023-08-30T01:47:12.269Z] [ERROR] - Uncaught error: GET /public/scripts/forgotPassword.js
[2023-08-30T01:47:14.326Z] [ERROR] - Uncaught error: GET /public/scripts/forgotPassword.js
[2023-08-30T01:48:37.034Z] [ERROR] - Uncaught error: GET /public/scripts/
[2023-08-30T01:51:13.279Z] [ERROR] - Uncaught error: GET /public/scripts/
[2023-08-30T01:51:16.056Z] [ERROR] - Uncaught error: GET /public/scripts/
[2023-08-30T01:51:31.772Z] [ERROR] - Uncaught error: GET /public/scripts/forgotPassword.js
[2023-08-30T01:52:18.939Z] [ERROR] - Uncaught error: GET /public/scripts/resetPassword.js
